This is pdfTeX, Version 3.141592653-2.6-1.40.23 (MiKTeX 21.8) (preloaded format=pdflatex 2021.10.20)  26 APR 2023 20:14
entering extended mode
**"C:/Users/brand/OneDrive/Documents/GitHub/Brandon_QMB6912S23/Problem Set 11/P
aper/House_Paper.tex"

(C:/Users/brand/OneDrive/Documents/GitHub/Brandon_QMB6912S23/Problem Set 11/Pap
er/House_Paper.tex
LaTeX2e <2021-06-01> patch level 1
L3 programming layer <2021-08-27>
(C:\Users\brand\AppData\Local\Programs\MiKTeX\tex/latex/base\book.cls
Document Class: book 2021/02/12 v1.4n Standard LaTeX document class
(C:\Users\brand\AppData\Local\Programs\MiKTeX\tex/latex/base\bk11.clo
File: bk11.clo 2021/02/12 v1.4n Standard LaTeX file (size option)
)
\c@part=\count182
\c@chapter=\count183
\c@section=\count184
\c@subsection=\count185
\c@subsubsection=\count186
\c@paragraph=\count187
\c@subparagraph=\count188
\c@figure=\count189
\c@table=\count190
\abovecaptionskip=\skip47
\belowcaptionskip=\skip48
\bibindent=\dimen138
)
(C:\Users\brand\AppData\Local\Programs\MiKTeX\tex/latex/preprint\fullpage.sty
Package: fullpage 1999/02/23 1.1 (PWD)
\FP@margin=\skip49
)
(C:\Users\brand\AppData\Local\Programs\MiKTeX\tex/latex/psnfss\palatino.sty
Package: palatino 2020/03/25 PSNFSS-v9.3 (SPQR) 
)
(C:\Users\brand\AppData\Local\Programs\MiKTeX\tex/latex/amsfonts\amsfonts.sty
Package: amsfonts 2013/01/14 v3.01 Basic AMSFonts support
\@emptytoks=\toks16
\symAMSa=\mathgroup4
\symAMSb=\mathgroup5
LaTeX Font Info:    Redeclaring math symbol \hbar on input line 98.
LaTeX Font Info:    Overwriting math alphabet `\mathfrak' in version `bold'
(Font)                  U/euf/m/n --> U/euf/b/n on input line 106.
)
(C:\Users\brand\AppData\Local\Programs\MiKTeX\tex/latex/amsmath\amsmath.sty
Package: amsmath 2021/04/20 v2.17j AMS math features
\@mathmargin=\skip50

For additional information on amsmath, use the `?' option.
(C:\Users\brand\AppData\Local\Programs\MiKTeX\tex/latex/amsmath\amstext.sty
Package: amstext 2000/06/29 v2.01 AMS text

(C:\Users\brand\AppData\Local\Programs\MiKTeX\tex/latex/amsmath\amsgen.sty
File: amsgen.sty 1999/11/30 v2.0 generic functions
\@emptytoks=\toks17
\ex@=\dimen139
))
(C:\Users\brand\AppData\Local\Programs\MiKTeX\tex/latex/amsmath\amsbsy.sty
Package: amsbsy 1999/11/29 v1.2d Bold Symbols
\pmbraise@=\dimen140
)
(C:\Users\brand\AppData\Local\Programs\MiKTeX\tex/latex/amsmath\amsopn.sty
Package: amsopn 2016/03/08 v2.02 operator names
)
\inf@bad=\count191
LaTeX Info: Redefining \frac on input line 234.
\uproot@=\count192
\leftroot@=\count193
LaTeX Info: Redefining \overline on input line 399.
\classnum@=\count194
\DOTSCASE@=\count195
LaTeX Info: Redefining \ldots on input line 496.
LaTeX Info: Redefining \dots on input line 499.
LaTeX Info: Redefining \cdots on input line 620.
\Mathstrutbox@=\box50
\strutbox@=\box51
\big@size=\dimen141
LaTeX Font Info:    Redeclaring font encoding OML on input line 743.
LaTeX Font Info:    Redeclaring font encoding OMS on input line 744.
\macc@depth=\count196
\c@MaxMatrixCols=\count197
\dotsspace@=\muskip16
\c@parentequation=\count198
\dspbrk@lvl=\count199
\tag@help=\toks18
\row@=\count266
\column@=\count267
\maxfields@=\count268
\andhelp@=\toks19
\eqnshift@=\dimen142
\alignsep@=\dimen143
\tagshift@=\dimen144
\tagwidth@=\dimen145
\totwidth@=\dimen146
\lineht@=\dimen147
\@envbody=\toks20
\multlinegap=\skip51
\multlinetaggap=\skip52
\mathdisplay@stack=\toks21
LaTeX Info: Redefining \[ on input line 2923.
LaTeX Info: Redefining \] on input line 2924.
)
(C:\Users\brand\AppData\Local\Programs\MiKTeX\tex/latex/amsfonts\amssymb.sty
Package: amssymb 2013/01/14 v3.01 AMS font symbols
)
(C:\Users\brand\AppData\Local\Programs\MiKTeX\tex/latex/listings\listings.sty
(C:\Users\brand\AppData\Local\Programs\MiKTeX\tex/latex/graphics\keyval.sty
Package: keyval 2014/10/28 v1.15 key=value parser (DPC)
\KV@toks@=\toks22
)
\lst@mode=\count269
\lst@gtempboxa=\box52
\lst@token=\toks23
\lst@length=\count270
\lst@currlwidth=\dimen148
\lst@column=\count271
\lst@pos=\count272
\lst@lostspace=\dimen149
\lst@width=\dimen150
\lst@newlines=\count273
\lst@lineno=\count274
\lst@maxwidth=\dimen151

(C:\Users\brand\AppData\Local\Programs\MiKTeX\tex/latex/listings\lstmisc.sty
File: lstmisc.sty 2020/03/24 1.8d (Carsten Heinz)
\c@lstnumber=\count275
\lst@skipnumbers=\count276
\lst@framebox=\box53
)
(C:\Users\brand\AppData\Local\Programs\MiKTeX\tex/latex/listings\listings.cfg
File: listings.cfg 2020/03/24 1.8d listings configuration
))
Package: listings 2020/03/24 1.8d (Carsten Heinz)
(C:\Users\brand\AppData\Local\Programs\MiKTeX\tex/latex/base\textcomp.sty
Package: textcomp 2020/02/02 v2.0n Standard LaTeX package
)
(C:\Users\brand\AppData\Local\Programs\MiKTeX\tex/latex/graphics\color.sty
Package: color 2020/02/24 v1.2b Standard LaTeX Color (DPC)

(C:\Users\brand\AppData\Local\Programs\MiKTeX\tex/latex/graphics-cfg\color.cfg
File: color.cfg 2016/01/02 v1.6 sample color configuration
)
Package color Info: Driver file: pdftex.def on input line 149.

(C:\Users\brand\AppData\Local\Programs\MiKTeX\tex/latex/graphics-def\pdftex.def
File: pdftex.def 2020/10/05 v1.2a Graphics/color driver for pdftex
))
(C:\Users\brand\AppData\Local\Programs\MiKTeX\tex/latex/listings\lstlang1.sty
File: lstlang1.sty 2020/03/24 1.8d listings language file
)
(C:\Users\brand\AppData\Local\Programs\MiKTeX\tex/latex/listings\lstlang2.sty
File: lstlang2.sty 2020/03/24 1.8d listings language file
)
(C:\Users\brand\AppData\Local\Programs\MiKTeX\tex/latex/listings\lstlang3.sty
File: lstlang3.sty 2020/03/24 1.8d listings language file
)
(C:\Users\brand\AppData\Local\Programs\MiKTeX\tex/latex/graphics\graphicx.sty
Package: graphicx 2020/12/05 v1.2c Enhanced LaTeX Graphics (DPC,SPQR)

(C:\Users\brand\AppData\Local\Programs\MiKTeX\tex/latex/graphics\graphics.sty
Package: graphics 2021/03/04 v1.4d Standard LaTeX Graphics (DPC,SPQR)

(C:\Users\brand\AppData\Local\Programs\MiKTeX\tex/latex/graphics\trig.sty
Package: trig 2016/01/03 v1.10 sin cos tan (DPC)
)
(C:\Users\brand\AppData\Local\Programs\MiKTeX\tex/latex/graphics-cfg\graphics.c
fg
File: graphics.cfg 2016/06/04 v1.11 sample graphics configuration
)
Package graphics Info: Driver file: pdftex.def on input line 107.
)
\Gin@req@height=\dimen152
\Gin@req@width=\dimen153
)
(C:\Users\brand\AppData\Local\Programs\MiKTeX\tex/latex/epstopdf-pkg\epstopdf.s
ty
Package: epstopdf 2020-01-24 v2.11 Conversion with epstopdf on the fly (HO)

(C:\Users\brand\AppData\Local\Programs\MiKTeX\tex/generic/infwarerr\infwarerr.s
ty
Package: infwarerr 2019/12/03 v1.5 Providing info/warning/error messages (HO)
) (C:\Users\brand\AppData\Local\Programs\MiKTeX\tex/latex/grfext\grfext.sty
Package: grfext 2019/12/03 v1.3 Manage graphics extensions (HO)

(C:\Users\brand\AppData\Local\Programs\MiKTeX\tex/generic/kvdefinekeys\kvdefine
keys.sty
Package: kvdefinekeys 2019-12-19 v1.6 Define keys (HO)
))
(C:\Users\brand\AppData\Local\Programs\MiKTeX\tex/latex/kvoptions\kvoptions.sty
Package: kvoptions 2020-10-07 v3.14 Key value format for package options (HO)
(C:\Users\brand\AppData\Local\Programs\MiKTeX\tex/generic/ltxcmds\ltxcmds.sty
Package: ltxcmds 2020-05-10 v1.25 LaTeX kernel commands for general use (HO)
)
(C:\Users\brand\AppData\Local\Programs\MiKTeX\tex/generic/kvsetkeys\kvsetkeys.s
ty
Package: kvsetkeys 2019/12/15 v1.18 Key value parser (HO)
))
(C:\Users\brand\AppData\Local\Programs\MiKTeX\tex/generic/pdftexcmds\pdftexcmds
.sty
Package: pdftexcmds 2020-06-27 v0.33 Utility functions of pdfTeX for LuaTeX (HO
)
 (C:\Users\brand\AppData\Local\Programs\MiKTeX\tex/generic/iftex\iftex.sty
Package: iftex 2020/03/06 v1.0d TeX engine tests
)
Package pdftexcmds Info: \pdf@primitive is available.
Package pdftexcmds Info: \pdf@ifprimitive is available.
Package pdftexcmds Info: \pdfdraftmode found.
)
(C:\Users\brand\AppData\Local\Programs\MiKTeX\tex/latex/epstopdf-pkg\epstopdf-b
ase.sty
Package: epstopdf-base 2020-01-24 v2.11 Base part for package epstopdf
Package epstopdf-base Info: Redefining graphics rule for `.eps' on input line 4
85.
Package grfext Info: Graphics extension search list:
(grfext)             [.pdf,.png,.jpg,.mps,.jpeg,.jbig2,.jb2,.PDF,.PNG,.JPG,.JPE
G,.JBIG2,.JB2,.eps]
(grfext)             \AppendGraphicsExtensions on input line 504.

(C:\Users\brand\AppData\Local\Programs\MiKTeX\tex/latex/00miktex\epstopdf-sys.c
fg
File: epstopdf-sys.cfg 2021/03/18 v2.0 Configuration of epstopdf for MiKTeX
))) (C:\Users\brand\AppData\Local\Programs\MiKTeX\tex/latex/subfig\subfig.sty
Package: subfig 2005/06/28 ver: 1.3 subfig package
(C:\Users\brand\AppData\Local\Programs\MiKTeX\tex/latex/caption\caption.sty
Package: caption 2022/03/01 v3.6b Customizing captions (AR)

(C:\Users\brand\AppData\Local\Programs\MiKTeX\tex/latex/caption\caption3.sty
Package: caption3 2022/03/17 v2.3b caption3 kernel (AR)
\caption@tempdima=\dimen154
\captionmargin=\dimen155
\caption@leftmargin=\dimen156
\caption@rightmargin=\dimen157
\caption@width=\dimen158
\caption@indent=\dimen159
\caption@parindent=\dimen160
\caption@hangindent=\dimen161
Package caption Info: Standard document class detected.
)
\c@caption@flags=\count277
\c@continuedfloat=\count278
Package caption Info: listings package is loaded.
)
\c@KVtest=\count279
\sf@farskip=\skip53
\sf@captopadj=\dimen162
\sf@capskip=\skip54
\sf@nearskip=\skip55
\c@subfigure=\count280
\c@subfigure@save=\count281
\c@lofdepth=\count282
\c@subtable=\count283
\c@subtable@save=\count284
\c@lotdepth=\count285
\sf@top=\skip56
\sf@bottom=\skip57
) (C:\Users\brand\AppData\Local\Programs\MiKTeX\tex/latex/fancyvrb\fancyvrb.sty
Package: fancyvrb 2022/06/06 4.5 verbatim text (tvz,hv)
\FV@CodeLineNo=\count286
\FV@InFile=\read2
\FV@TabBox=\box54
\c@FancyVerbLine=\count287
\FV@StepNumber=\count288
\FV@OutFile=\write3
)
LaTeX Font Info:    Trying to load font information for OT1+ppl on input line 5
7.
(C:\Users\brand\AppData\Local\Programs\MiKTeX\tex/latex/psnfss\ot1ppl.fd
File: ot1ppl.fd 2001/06/04 font definitions for OT1/ppl.
)
(C:\Users\brand\AppData\Local\Programs\MiKTeX\tex/latex/l3backend\l3backend-pdf
tex.def
File: l3backend-pdftex.def 2021-08-04 L3 backend support: PDF output (pdfTeX)
\l__color_backend_stack_int=\count289
\l__pdf_internal_box=\box55
)
(C:/Users/brand/OneDrive/Documents/GitHub/Brandon_QMB6912S23/Problem Set 11/Pap
er\House_Paper.aux

LaTeX Warning: Label `fig:qq_prices2' multiply defined.

)
\openout1 = `House_Paper.aux'.

LaTeX Font Info:    Checking defaults for OML/cmm/m/it on input line 57.
LaTeX Font Info:    ... okay on input line 57.
LaTeX Font Info:    Checking defaults for OMS/cmsy/m/n on input line 57.
LaTeX Font Info:    ... okay on input line 57.
LaTeX Font Info:    Checking defaults for OT1/cmr/m/n on input line 57.
LaTeX Font Info:    ... okay on input line 57.
LaTeX Font Info:    Checking defaults for T1/cmr/m/n on input line 57.
LaTeX Font Info:    ... okay on input line 57.
LaTeX Font Info:    Checking defaults for TS1/cmr/m/n on input line 57.
LaTeX Font Info:    ... okay on input line 57.
LaTeX Font Info:    Checking defaults for OMX/cmex/m/n on input line 57.
LaTeX Font Info:    ... okay on input line 57.
LaTeX Font Info:    Checking defaults for U/cmr/m/n on input line 57.
LaTeX Font Info:    ... okay on input line 57.
\c@lstlisting=\count290

(C:\Users\brand\AppData\Local\Programs\MiKTeX\tex/context/base/mkii\supp-pdf.mk
ii
[Loading MPS to PDF converter (version 2006.09.02).]
\scratchcounter=\count291
\scratchdimen=\dimen163
\scratchbox=\box56
\nofMPsegments=\count292
\nofMParguments=\count293
\everyMPshowfont=\toks24
\MPscratchCnt=\count294
\MPscratchDim=\dimen164
\MPnumerator=\count295
\makeMPintoPDFobject=\count296
\everyMPtoPDFconversion=\toks25
)
Package caption Info: Begin \AtBeginDocument code.
Package caption Info: subfig package v1.3 is loaded.
Package caption Info: End \AtBeginDocument code.

(C:/Users/brand/OneDrive/Documents/GitHub/Brandon_QMB6912S23/Problem Set 11/Pap
er\House_Title_Page.tex)
Underfull \vbox (badness 10000) has occurred while \output is active []

 [1

{C:/Users/brand/AppData/Local/MiKTeX/pdftex/config/pdftex.map}] [2

]
Chapter 1.

(C:/Users/brand/OneDrive/Documents/GitHub/Brandon_QMB6912S23/Problem Set 11/Pap
er\House_Introduction.tex [3])
Underfull \vbox (badness 10000) has occurred while \output is active []

 [4]
Chapter 2.

(C:/Users/brand/OneDrive/Documents/GitHub/Brandon_QMB6912S23/Problem Set 11/Pap
er\House_Data_Desc.tex
LaTeX Font Info:    Trying to load font information for OT1+pcr on input line 4
.

(C:\Users\brand\AppData\Local\Programs\MiKTeX\tex/latex/psnfss\ot1pcr.fd
File: ot1pcr.fd 2001/06/04 font definitions for OT1/pcr.
)
LaTeX Font Info:    Trying to load font information for U+msa on input line 7.

(C:\Users\brand\AppData\Local\Programs\MiKTeX\tex/latex/amsfonts\umsa.fd
File: umsa.fd 2013/01/14 v3.01 AMS symbols A
)
LaTeX Font Info:    Trying to load font information for U+msb on input line 7.

(C:\Users\brand\AppData\Local\Programs\MiKTeX\tex/latex/amsfonts\umsb.fd
File: umsb.fd 2013/01/14 v3.01 AMS symbols B
)
Overfull \hbox (101.52853pt too wide) in paragraph at lines 7--24
[][] 
 []

)
Underfull \vbox (badness 10000) has occurred while \output is active []

 [5

]
[6

]
Chapter 3.

(C:/Users/brand/OneDrive/Documents/GitHub/Brandon_QMB6912S23/Problem Set 11/Pap
er\PS2.tex
<../Figures/hist_prices.pdf, id=25, 505.89pt x 505.89pt>
File: ../Figures/hist_prices.pdf Graphic file (type pdf)
<use ../Figures/hist_prices.pdf>
Package pdftex.def Info: ../Figures/hist_prices.pdf  used on input line 43.
(pdftex.def)             Requested size: 252.94437pt x 252.94437pt.
<../Figures/density_Price.pdf, id=26, 505.89pt x 505.89pt>
File: ../Figures/density_Price.pdf Graphic file (type pdf)
<use ../Figures/density_Price.pdf>
Package pdftex.def Info: ../Figures/density_Price.pdf  used on input line 50.
(pdftex.def)             Requested size: 252.94437pt x 252.94437pt.


LaTeX Warning: `!h' float specifier changed to `!ht'.

<../Figures/density_Price_bw30000.pdf, id=27, 505.89pt x 505.89pt>
File: ../Figures/density_Price_bw30000.pdf Graphic file (type pdf)
<use ../Figures/density_Price_bw30000.pdf>
Package pdftex.def Info: ../Figures/density_Price_bw30000.pdf  used on input li
ne 58.
(pdftex.def)             Requested size: 252.94437pt x 252.94437pt.

LaTeX Warning: `!h' float specifier changed to `!ht'.

<../Figures/hist_log_price.pdf, id=28, 505.89pt x 505.89pt>
File: ../Figures/hist_log_price.pdf Graphic file (type pdf)
<use ../Figures/hist_log_price.pdf>
Package pdftex.def Info: ../Figures/hist_log_price.pdf  used on input line 65.
(pdftex.def)             Requested size: 252.94437pt x 252.94437pt.

LaTeX Warning: `!h' float specifier changed to `!ht'.

<../Figures/density_log_saleprice_bw020.pdf, id=29, 505.89pt x 505.89pt>
File: ../Figures/density_log_saleprice_bw020.pdf Graphic file (type pdf)
<use ../Figures/density_log_saleprice_bw020.pdf>
Package pdftex.def Info: ../Figures/density_log_saleprice_bw020.pdf  used on in
put line 72.
(pdftex.def)             Requested size: 252.94437pt x 252.94437pt.

LaTeX Warning: `!h' float specifier changed to `!ht'.

<../Figures/density_Price_OO.pdf, id=30, 505.89pt x 505.89pt>
File: ../Figures/density_Price_OO.pdf Graphic file (type pdf)
<use ../Figures/density_Price_OO.pdf>
Package pdftex.def Info: ../Figures/density_Price_OO.pdf  used on input line 79
.
(pdftex.def)             Requested size: 252.94437pt x 252.94437pt.

LaTeX Warning: `!h' float specifier changed to `!ht'.

<../Figures/density_Price_Rental.pdf, id=31, 505.89pt x 505.89pt>
File: ../Figures/density_Price_Rental.pdf Graphic file (type pdf)
<use ../Figures/density_Price_Rental.pdf>
Package pdftex.def Info: ../Figures/density_Price_Rental.pdf  used on input lin
e 86.
(pdftex.def)             Requested size: 252.94437pt x 252.94437pt.

LaTeX Warning: `!h' float specifier changed to `!ht'.

<../Figures/dens_by_owner.pdf, id=32, 505.89pt x 505.89pt>
File: ../Figures/dens_by_owner.pdf Graphic file (type pdf)
<use ../Figures/dens_by_owner.pdf>
Package pdftex.def Info: ../Figures/dens_by_owner.pdf  used on input line 93.
(pdftex.def)             Requested size: 252.94437pt x 252.94437pt.

LaTeX Warning: `!h' float specifier changed to `!ht'.

<../Figures/log_density_Price_OO.pdf, id=33, 505.89pt x 505.89pt>
File: ../Figures/log_density_Price_OO.pdf Graphic file (type pdf)
<use ../Figures/log_density_Price_OO.pdf>
Package pdftex.def Info: ../Figures/log_density_Price_OO.pdf  used on input lin
e 100.
(pdftex.def)             Requested size: 252.94437pt x 252.94437pt.

LaTeX Warning: `!h' float specifier changed to `!ht'.

<../Figures/log_density_Price_Rental.pdf, id=34, 505.89pt x 505.89pt>
File: ../Figures/log_density_Price_Rental.pdf Graphic file (type pdf)
<use ../Figures/log_density_Price_Rental.pdf>
Package pdftex.def Info: ../Figures/log_density_Price_Rental.pdf  used on input
 line 107.
(pdftex.def)             Requested size: 252.94437pt x 252.94437pt.

LaTeX Warning: `!h' float specifier changed to `!ht'.

<../Figures/log_dens_by_owner.pdf, id=35, 505.89pt x 505.89pt>
File: ../Figures/log_dens_by_owner.pdf Graphic file (type pdf)
<use ../Figures/log_dens_by_owner.pdf>
Package pdftex.def Info: ../Figures/log_dens_by_owner.pdf  used on input line 1
14.
(pdftex.def)             Requested size: 252.94437pt x 252.94437pt.

LaTeX Warning: `!h' float specifier changed to `!ht'.

[7 <C:/Users/brand/OneDrive/Documents/GitHub/Brandon_QMB6912S23/Problem Set 11/
Figures/hist_prices.pdf>] [8 <C:/Users/brand/OneDrive/Documents/GitHub/Brandon_
QMB6912S23/Problem Set 11/Figures/density_Price.pdf> <C:/Users/brand/OneDrive/D
ocuments/GitHub/Brandon_QMB6912S23/Problem Set 11/Figures/density_Price_bw30000
.pdf>] [9 <C:/Users/brand/OneDrive/Documents/GitHub/Brandon_QMB6912S23/Problem 
Set 11/Figures/hist_log_price.pdf> <C:/Users/brand/OneDrive/Documents/GitHub/Br
andon_QMB6912S23/Problem Set 11/Figures/density_log_saleprice_bw020.pdf>]
[10 <C:/Users/brand/OneDrive/Documents/GitHub/Brandon_QMB6912S23/Problem Set 11
/Figures/density_Price_OO.pdf> <C:/Users/brand/OneDrive/Documents/GitHub/Brando
n_QMB6912S23/Problem Set 11/Figures/density_Price_Rental.pdf>] [11 <C:/Users/br
and/OneDrive/Documents/GitHub/Brandon_QMB6912S23/Problem Set 11/Figures/dens_by
_owner.pdf> <C:/Users/brand/OneDrive/Documents/GitHub/Brandon_QMB6912S23/Proble
m Set 11/Figures/log_density_Price_OO.pdf>] [12 <C:/Users/brand/OneDrive/Docume
nts/GitHub/Brandon_QMB6912S23/Problem Set 11/Figures/log_density_Price_Rental.p
df> <C:/Users/brand/OneDrive/Documents/GitHub/Brandon_QMB6912S23/Problem Set 11
/Figures/log_dens_by_owner.pdf>]
<../Figures/log_dens_by_owner_bw.pdf, id=121, 505.89pt x 505.89pt>
File: ../Figures/log_dens_by_owner_bw.pdf Graphic file (type pdf)
<use ../Figures/log_dens_by_owner_bw.pdf>
Package pdftex.def Info: ../Figures/log_dens_by_owner_bw.pdf  used on input lin
e 127.
(pdftex.def)             Requested size: 252.94437pt x 252.94437pt.

Underfull \vbox (badness 10000) has occurred while \output is active []

 [13

 <C:/Users/brand/OneDrive/Documents/GitHub/Brandon_QMB6912S23/Problem Set 11/Fi
gures/log_dens_by_owner_bw.pdf>])
Underfull \vbox (badness 10000) has occurred while \output is active []

 [14]
Chapter 4.

(C:/Users/brand/OneDrive/Documents/GitHub/Brandon_QMB6912S23/Problem Set 11/Pap
er\PS3.tex
<../Figures/qq_prices.pdf, id=135, 505.89pt x 505.89pt>
File: ../Figures/qq_prices.pdf Graphic file (type pdf)
<use ../Figures/qq_prices.pdf>
Package pdftex.def Info: ../Figures/qq_prices.pdf  used on input line 76.
(pdftex.def)             Requested size: 234.8775pt x 234.88132pt.
<../Figures/qq_log_prices.pdf, id=136, 505.89pt x 505.89pt>
File: ../Figures/qq_log_prices.pdf Graphic file (type pdf)
<use ../Figures/qq_log_prices.pdf>
Package pdftex.def Info: ../Figures/qq_log_prices.pdf  used on input line 79.
(pdftex.def)             Requested size: 234.8775pt x 234.88132pt.

Underfull \vbox (badness 3009) has occurred while \output is active []

 [15

 <C:/Users/brand/OneDrive/Documents/GitHub/Brandon_QMB6912S23/Problem Set 11/Fi
gures/qq_prices.pdf> <C:/Users/brand/OneDrive/Documents/GitHub/Brandon_QMB6912S
23/Problem Set 11/Figures/qq_log_prices.pdf>]
<../Figures/box_cox_loglike_uni.pdf, id=152, 505.89pt x 505.89pt>
File: ../Figures/box_cox_loglike_uni.pdf Graphic file (type pdf)
<use ../Figures/box_cox_loglike_uni.pdf>
Package pdftex.def Info: ../Figures/box_cox_loglike_uni.pdf  used on input line
 101.
(pdftex.def)             Requested size: 252.94437pt x 252.94437pt.

Underfull \vbox (badness 10000) has occurred while \output is active []

 [16 <C:/Users/brand/OneDrive/Documents/GitHub/Brandon_QMB6912S23/Problem Set 1
1/Figures/box_cox_loglike_uni.pdf>]
<../Figures/qq_prices2.pdf, id=163, 505.89pt x 505.89pt>
File: ../Figures/qq_prices2.pdf Graphic file (type pdf)
<use ../Figures/qq_prices2.pdf>
Package pdftex.def Info: ../Figures/qq_prices2.pdf  used on input line 135.
(pdftex.def)             Requested size: 234.8775pt x 234.88132pt.
<../Figures/qq_boxcox.pdf, id=164, 505.89pt x 505.89pt>
File: ../Figures/qq_boxcox.pdf Graphic file (type pdf)
<use ../Figures/qq_boxcox.pdf>
Package pdftex.def Info: ../Figures/qq_boxcox.pdf  used on input line 138.
(pdftex.def)             Requested size: 234.8775pt x 234.88132pt.
 [17 <C:/Users/brand/OneDrive/Documents/GitHub/Brandon_QMB6912S23/Problem Set 1
1/Figures/qq_prices2.pdf> <C:/Users/brand/OneDrive/Documents/GitHub/Brandon_QMB
6912S23/Problem Set 11/Figures/qq_boxcox.pdf>]
File: ../Figures/qq_log_prices.pdf Graphic file (type pdf)
<use ../Figures/qq_log_prices.pdf>
Package pdftex.def Info: ../Figures/qq_log_prices.pdf  used on input line 148.
(pdftex.def)             Requested size: 234.8775pt x 234.88132pt.
File: ../Figures/qq_boxcox.pdf Graphic file (type pdf)
<use ../Figures/qq_boxcox.pdf>
Package pdftex.def Info: ../Figures/qq_boxcox.pdf  used on input line 151.
(pdftex.def)             Requested size: 234.8775pt x 234.88132pt.
 [18

]
LaTeX Font Info:    Trying to load font information for OT1+phv on input line 1
61.

(C:\Users\brand\AppData\Local\Programs\MiKTeX\tex/latex/psnfss\ot1phv.fd
File: ot1phv.fd 2020/03/25 scalable font definitions for OT1/phv.
)
<../Figures/plot_like_MASS.pdf, id=183, 505.89pt x 505.89pt>
File: ../Figures/plot_like_MASS.pdf Graphic file (type pdf)
<use ../Figures/plot_like_MASS.pdf>
Package pdftex.def Info: ../Figures/plot_like_MASS.pdf  used on input line 175.

(pdftex.def)             Requested size: 234.8775pt x 234.88132pt.
<../Figures/plot_like_MASS_var.pdf, id=184, 505.89pt x 505.89pt>
File: ../Figures/plot_like_MASS_var.pdf Graphic file (type pdf)
<use ../Figures/plot_like_MASS_var.pdf>
Package pdftex.def Info: ../Figures/plot_like_MASS_var.pdf  used on input line 
178.
(pdftex.def)             Requested size: 234.8775pt x 234.88132pt.
)
Underfull \vbox (badness 10000) has occurred while \output is active []

 [19

 <C:/Users/brand/OneDrive/Documents/GitHub/Brandon_QMB6912S23/Problem Set 11/Fi
gures/plot_like_MASS.pdf> <C:/Users/brand/OneDrive/Documents/GitHub/Brandon_QMB
6912S23/Problem Set 11/Figures/plot_like_MASS_var.pdf>] [20

]
Chapter 5.

(C:/Users/brand/OneDrive/Documents/GitHub/Brandon_QMB6912S23/Problem Set 11/Pap
er\PS4.tex
(C:/Users\brand\OneDrive\Documents\GitHub\Brandon_QMB6912S23\Problem Set 11\Tab
les\summ_by_buyer.tex)
Underfull \vbox (badness 10000) has occurred while \output is active []

 [21]
(C:/Users\brand\OneDrive\Documents\GitHub\Brandon_QMB6912S23\Problem Set 11\Tab
les\ind_by_buyer.tex)
Underfull \vbox (badness 10000) has occurred while \output is active []

 [22]
(C:/Users\brand\OneDrive\Documents\GitHub\Brandon_QMB6912S23\Problem Set 11\Tab
les\avg_price_by_amen.tex
Overfull \hbox (57.95433pt too wide) in paragraph at lines 5--13
 [][] 
 []

)
(C:/Users\brand\OneDrive\Documents\GitHub\Brandon_QMB6912S23\Problem Set 11\Tab
les\avg_price_by_bed.tex) [23]
(C:/Users\brand\OneDrive\Documents\GitHub\Brandon_QMB6912S23\Problem Set 11\Tab
les\avg_price_by_bath.tex)
Underfull \vbox (badness 10000) has occurred while \output is active []

 [24]
(C:/Users\brand\OneDrive\Documents\GitHub\Brandon_QMB6912S23\Problem Set 11\Tab
les\correlation_num.tex)
(C:/Users\brand\OneDrive\Documents\GitHub\Brandon_QMB6912S23\Problem Set 11\Tab
les\correlation_ind.tex
Overfull \hbox (53.66267pt too wide) in paragraph at lines 5--18
 [][] 
 []

))
Underfull \vbox (badness 10000) has occurred while \output is active []

 [25]
[26

]
Chapter 6.

(C:/Users/brand/OneDrive/Documents/GitHub/Brandon_QMB6912S23/Problem Set 11/Pap
er\PS5.tex
!pdfTeX error: pdflatex (file C:/Users/brand/OneDrive/Documents/GitHub/Brandon_
QMB6912S23/Problem Set 11/Figures/slpom_num_only.pdf): PDF inclusion: required 
page does not exist <0>
 ==> Fatal error occurred, no output PDF file produced!
